<?xml version="1.0" encoding="UTF-8"?>
<testsuite xmlns:xsi="http://www.w3.org/2001/XMLSchema-instance" xsi:noNamespaceSchemaLocation="https://maven.apache.org/surefire/maven-surefire-plugin/xsd/surefire-test-report-3.0.xsd" version="3.0" name="org.morkiy_nos.mokriy_nos_app.MokriyNosAppApplicationTests" time="4.685" tests="1" errors="0" skipped="0" failures="0">
  <properties>
[...]
</properties>
  <testcase name="contextLoads" classname="org.morkiy_nos.mokriy_nos_app.MokriyNosAppApplicationTests" time="0.441">
    <system-out><![CDATA[14:41:46.754 [main] INFO org.springframework.test.context.support.AnnotationConfigContextLoaderUtils -- Could not detect default configuration classes for test class [org.morkiy_nos.mokriy_nos_app.MokriyNosAppApplicationTests]: MokriyNosAppApplicationTests does not declare any static, non-private, non-final, nested classes annotated with @Configuration.
14:41:46.860 [main] INFO org.springframework.boot.test.context.SpringBootTestContextBootstrapper -- Found @SpringBootConfiguration org.morkiy_nos.mokriy_nos_app.MokriyNosApplication for test class org.morkiy_nos.mokriy_nos_app.MokriyNosAppApplicationTests

  .   ____          _            __ _ _
 /\\ / ___'_ __ _ _(_)_ __  __ _ \ \ \ \
( ( )\___ | '_ | '_| | '_ \/ _` | \ \ \ \
 \\/  ___)| |_)| | | | | || (_| |  ) ) ) )
  '  |____| .__|_| |_|_| |_\__, | / / / /
 =========|_|==============|___/=/_/_/_/

 :: Spring Boot ::                (v3.3.1)

2024-07-25T14:41:47.282+07:00  INFO 10954 --- [           main] o.m.m.MokriyNosAppApplicationTests       : Starting MokriyNosAppApplicationTests using Java 22.0.2 with PID 10954 (started by tylerpants in /home/tylerpants/Рабочий стол/java/mokriy-nos-app)
2024-07-25T14:41:47.284+07:00  INFO 10954 --- [           main] o.m.m.MokriyNosAppApplicationTests       : No active profile set, falling back to 1 default profile: "default"
2024-07-25T14:41:47.971+07:00  INFO 10954 --- [           main] .s.d.r.c.RepositoryConfigurationDelegate : Bootstrapping Spring Data JPA repositories in DEFAULT mode.
2024-07-25T14:41:48.018+07:00  INFO 10954 --- [           main] .s.d.r.c.RepositoryConfigurationDelegate : Finished Spring Data repository scanning in 41 ms. Found 2 JPA repository interfaces.
2024-07-25T14:41:48.467+07:00  INFO 10954 --- [           main] com.zaxxer.hikari.HikariDataSource       : HikariPool-1 - Starting...
2024-07-25T14:41:48.769+07:00  INFO 10954 --- [           main] com.zaxxer.hikari.pool.HikariPool        : HikariPool-1 - Added connection com.mysql.cj.jdbc.ConnectionImpl@2e6d76ba
2024-07-25T14:41:48.770+07:00  INFO 10954 --- [           main] com.zaxxer.hikari.HikariDataSource       : HikariPool-1 - Start completed.
2024-07-25T14:41:48.805+07:00  INFO 10954 --- [           main] o.hibernate.jpa.internal.util.LogHelper  : HHH000204: Processing PersistenceUnitInfo [name: default]
2024-07-25T14:41:48.843+07:00  INFO 10954 --- [           main] org.hibernate.Version                    : HHH000412: Hibernate ORM core version 6.5.2.Final
2024-07-25T14:41:48.868+07:00  INFO 10954 --- [           main] o.h.c.internal.RegionFactoryInitiator    : HHH000026: Second-level cache disabled
2024-07-25T14:41:49.088+07:00  INFO 10954 --- [           main] o.s.o.j.p.SpringPersistenceUnitInfo      : No LoadTimeWeaver setup: ignoring JPA class transformer
2024-07-25T14:41:49.147+07:00  WARN 10954 --- [           main] org.hibernate.orm.deprecation            : HHH90000025: MySQLDialect does not need to be specified explicitly using 'hibernate.dialect' (remove the property setting and it will be selected by default)
2024-07-25T14:41:49.912+07:00  INFO 10954 --- [           main] o.h.e.t.j.p.i.JtaPlatformInitiator       : HHH000489: No JTA platform available (set 'hibernate.transaction.jta.platform' to enable JTA platform integration)
2024-07-25T14:41:49.914+07:00  INFO 10954 --- [           main] j.LocalContainerEntityManagerFactoryBean : Initialized JPA EntityManagerFactory for persistence unit 'default'
2024-07-25T14:41:50.242+07:00  WARN 10954 --- [           main] JpaBaseConfiguration$JpaWebConfiguration : spring.jpa.open-in-view is enabled by default. Therefore, database queries may be performed during view rendering. Explicitly configure spring.jpa.open-in-view to disable this warning
2024-07-25T14:41:50.269+07:00  INFO 10954 --- [           main] eAuthenticationProviderManagerConfigurer : Global AuthenticationManager configured with AuthenticationProvider bean with name authenticationProvider
2024-07-25T14:41:50.270+07:00  WARN 10954 --- [           main] r$InitializeUserDetailsManagerConfigurer : Global AuthenticationManager configured with an AuthenticationProvider bean. UserDetailsService beans will not be used for username/password login. Consider removing the AuthenticationProvider bean. Alternatively, consider using the UserDetailsService in a manually instantiated DaoAuthenticationProvider.
2024-07-25T14:41:50.829+07:00  INFO 10954 --- [           main] o.m.m.MokriyNosAppApplicationTests       : Started MokriyNosAppApplicationTests in 3.838 seconds (process running for 4.704)
]]></system-out>
    <system-err><![CDATA[WARNING: A Java agent has been loaded dynamically (/home/tylerpants/.m2/repository/net/bytebuddy/byte-buddy-agent/1.14.17/byte-buddy-agent-1.14.17.jar)
WARNING: If a serviceability tool is in use, please run with -XX:+EnableDynamicAgentLoading to hide this warning
WARNING: If a serviceability tool is not in use, please run with -Djdk.instrument.traceUsage for more information
WARNING: Dynamic loading of agents will be disallowed by default in a future release
]]></system-err>
  </testcase>
</testsuite>